<?xml version="1.0" encoding="UTF-8"?>
<!-- Generated by org.testng.reporters.JUnitXMLReporter -->
<testsuite hostname="LAPTOP-CU4Q43D9" ignored="1" name="ChromeTest" tests="3" failures="0" timestamp="06 Jan 2021 08:15:13 GMT" time="44.633" errors="0">
  <testcase name="testA" time="0.004" classname="com_ActiTime_Tests.Demo"/>
  <testcase name="ValidLoginLogout" time="15.429" classname="com_ActiTime_Tests.ValidLoginLogoutTest"/>
  <testcase name="verifyversion" time="0.262" classname="com_ActiTime_Tests.VerifyversionTest"/>
  <testcase name="invalidLogin" time="0.0" classname="com_ActiTime_Tests.InvalidLoginTest">
    <ignored/>
  </testcase> <!-- invalidLogin -->
</testsuite> <!-- ChromeTest -->
