<?xml version="1.0" encoding="UTF-8"?>
<!-- Generated by org.testng.reporters.JUnitXMLReporter -->
<testsuite hostname="LAPTOP-CU4Q43D9" ignored="1" name="FirefoxTest" tests="3" failures="1" timestamp="06 Jan 2021 08:15:43 GMT" time="30.382" errors="0">
  <testcase name="testA" time="0.001" classname="com_ActiTime_Tests.Demo"/>
  <testcase name="ValidLoginLogout" time="4.82" classname="com_ActiTime_Tests.ValidLoginLogoutTest">
    <failure type="org.openqa.selenium.ElementClickInterceptedException" message="Element &amp;lt;a id=&amp;quot;logoutLink&amp;quot; class=&amp;quot;logout&amp;quot; href=&amp;quot;/logout.do&amp;quot;&amp;gt; is not clickable at point (1309,17) because another element &amp;lt;div id=&amp;quot;preInsertedTransformedMoireId&amp;quot; class=&amp;quot;transformedMoireClass&amp;quot;&amp;gt; obscures it
Build info: version: &amp;apos;3.141.59&amp;apos;, revision: &amp;apos;e82be7d358&amp;apos;, time: &amp;apos;2018-11-14T08:25:53&amp;apos;
System info: host: &amp;apos;LAPTOP-CU4Q43D9&amp;apos;, ip: &amp;apos;192.168.252.1&amp;apos;, os.name: &amp;apos;Windows 10&amp;apos;, os.arch: &amp;apos;amd64&amp;apos;, os.version: &amp;apos;10.0&amp;apos;, java.version: &amp;apos;1.8.0_171&amp;apos;
Driver info: org.openqa.selenium.remote.RemoteWebDriver
Capabilities {acceptInsecureCerts: false, browserName: firefox, browserVersion: 84.0.1, javascriptEnabled: true, moz:accessibilityChecks: false, moz:buildID: 20201221152838, moz:geckodriverVersion: 0.28.0, moz:headless: false, moz:processID: 15580, moz:profile: C:\Users\91984\AppData\Loca..., moz:shutdownTimeout: 60000, moz:useNonSpecCompliantPointerOrigin: false, moz:webdriverClick: true, pageLoadStrategy: normal, platform: WINDOWS, platformName: WINDOWS, platformVersion: 10.0, rotatable: false, setWindowRect: true, strictFileInteractability: false, timeouts: {implicit: 0, pageLoad: 300000, script: 30000}, unhandledPromptBehavior: dismiss and notify, webdriver.remote.sessionid: bcd9dca3-28b0-462b-bf64-0c4...}
Session ID: bcd9dca3-28b0-462b-bf64-0c4051d9f584">
      <![CDATA[org.openqa.selenium.ElementClickInterceptedException: Element <a id="logoutLink" class="logout" href="/logout.do"> is not clickable at point (1309,17) because another element <div id="preInsertedTransformedMoireId" class="transformedMoireClass"> obscures itBuild info: version: '3.141.59', revision: 'e82be7d358', time: '2018-11-14T08:25:53'System info: host: 'LAPTOP-CU4Q43D9', ip: '192.168.252.1', os.name: 'Windows 10', os.arch: 'amd64', os.version: '10.0', java.version: '1.8.0_171'Driver info: org.openqa.selenium.remote.RemoteWebDriverCapabilities {acceptInsecureCerts: false, browserName: firefox, browserVersion: 84.0.1, javascriptEnabled: true, moz:accessibilityChecks: false, moz:buildID: 20201221152838, moz:geckodriverVersion: 0.28.0, moz:headless: false, moz:processID: 15580, moz:profile: C:\Users\91984\AppData\Loca..., moz:shutdownTimeout: 60000, moz:useNonSpecCompliantPointerOrigin: false, moz:webdriverClick: true, pageLoadStrategy: normal, platform: WINDOWS, platformName: WINDOWS, platformVersion: 10.0, rotatable: false, setWindowRect: true, strictFileInteractability: false, timeouts: {implicit: 0, pageLoad: 300000, script: 30000}, unhandledPromptBehavior: dismiss and notify, webdriver.remote.sessionid: bcd9dca3-28b0-462b-bf64-0c4...}Session ID: bcd9dca3-28b0-462b-bf64-0c4051d9f584at org.openqa.selenium.remote.http.W3CHttpResponseCodec.createException(W3CHttpResponseCodec.java:187)at org.openqa.selenium.remote.http.W3CHttpResponseCodec.decode(W3CHttpResponseCodec.java:122)at org.openqa.selenium.remote.http.W3CHttpResponseCodec.decode(W3CHttpResponseCodec.java:49)at org.openqa.selenium.remote.HttpCommandExecutor.execute(HttpCommandExecutor.java:158)at org.openqa.selenium.remote.RemoteWebDriver.execute(RemoteWebDriver.java:552)at org.openqa.selenium.remote.RemoteWebElement.execute(RemoteWebElement.java:285)at org.openqa.selenium.remote.RemoteWebElement.click(RemoteWebElement.java:84)at org.openqa.selenium.support.pagefactory.internal.LocatingElementHandler.invoke(LocatingElementHandler.java:51)at com.sun.proxy.$Proxy10.click(Unknown Source)at com_ActiTime_Pages.EnterTimeTrackPage.clickOnLogout(EnterTimeTrackPage.java:25)at com_ActiTime_Tests.ValidLoginLogoutTest.ValidLoginLogout(ValidLoginLogoutTest.java:32)... Removed 32 stack frames]]>
    </failure>
  </testcase> <!-- ValidLoginLogout -->
  <testcase name="verifyversion" time="0.234" classname="com_ActiTime_Tests.VerifyversionTest"/>
  <testcase name="invalidLogin" time="0.0" classname="com_ActiTime_Tests.InvalidLoginTest">
    <ignored/>
  </testcase> <!-- invalidLogin -->
</testsuite> <!-- FirefoxTest -->
